<?xml version="1.0" encoding="UTF-8"?>
<testsuite name="SimpleBankSystemTest" tests="1" skipped="0" failures="0" errors="0" timestamp="2022-06-20T13:25:52" hostname="shim-HN-WX9X" time="0.763">
  <properties/>
  <testcase name="start" classname="SimpleBankSystemTest" time="0.763"/>
  <system-out><![CDATA[?[1;31m
Start test 1?[0m
1. Create an account
2. Log into account
0. Exit

> 0
Bye!
?[1;31m
Start test 2?[0m
1. Create an account
2. Log into account
0. Exit

> 0
Bye!
?[1;31m
Start test 3?[0m
1. Create an account
2. Log into account
0. Exit

> 0
Bye!
?[1;31m
Start test 4?[0m
1. Create an account
2. Log into account
0. Exit

> 0
Bye!
?[1;31m
Start test 5?[0m
1. Create an account
2. Log into account
0. Exit

> 1
Your card has been created
Your card number:
4000000000000010
Your card PIN:
9641
1. Create an account
2. Log into account
0. Exit

> 1
Your card has been created
Your card number:
4000000000000036
Your card PIN:
9398
1. Create an account
2. Log into account
0. Exit

> 1
Your card has been created
Your card number:
4000000000000051
Your card PIN:
3104
1. Create an account
2. Log into account
0. Exit

> 1
Your card has been created
Your card number:
4000000000000077
Your card PIN:
2566
1. Create an account
2. Log into account
0. Exit

> 1
Your card has been created
Your card number:
4000000000000093
Your card PIN:
8511
1. Create an account
2. Log into account
0. Exit

> 0
Bye!
4000000000000010
4000000000000036
4000000000000051
4000000000000077
4000000000000093
?[1;31m
Start test 6?[0m
1. Create an account
2. Log into account
0. Exit

> 1
Your card has been created
Your card number:
4000000000000069
Your card PIN:
9938
1. Create an account
2. Log into account
0. Exit

> 2
Enter your card number:
> 4000000000000069
Enter your PIN:
> 9938
You have successfully logged in!
1. Balance
2. Add income
3. Do transfer
4. Close account
5. Log out
0. Exit

> 0
Bye!
?[1;31m
Start test 7?[0m
1. Create an account
2. Log into account
0. Exit

> 1
Your card has been created
Your card number:
4000000000000077
Your card PIN:
0788
1. Create an account
2. Log into account
0. Exit

> 2
Enter your card number:
> 4000000000000077
Enter your PIN:
> 4232
Wrong card number or PIN!
1. Create an account
2. Log into account
0. Exit

> 0
Bye!
?[1;31m
Start test 8?[0m
1. Create an account
2. Log into account
0. Exit

> 1
Your card has been created
Your card number:
4000000000000085
Your card PIN:
5167
1. Create an account
2. Log into account
0. Exit

> 2
Enter your card number:
> 400000873225104
1. Create an account
2. Log into account
0. Exit

> 5167
Invalid value
1. Create an account
2. Log into account
0. Exit

> 0
Bye!
?[1;31m
Start test 9?[0m
1. Create an account
2. Log into account
0. Exit

> 1
Your card has been created
Your card number:
4000000000000093
Your card PIN:
0414
1. Create an account
2. Log into account
0. Exit

> 2
Enter your card number:
> 4000000000000093
Enter your PIN:
> 0414
Wrong card number or PIN!
1. Create an account
2. Log into account
0. Exit

> 1
Your card has been created
Your card number:
4000000000000119
Your card PIN:
2624
1. Create an account
2. Log into account
0. Exit

> 0
Bye!
?[1;31m
Start test 10?[0m
1. Create an account
2. Log into account
0. Exit

> 1
Your card has been created
Your card number:
4000000000000010
Your card PIN:
2236
1. Create an account
2. Log into account
0. Exit

> 2
Enter your card number:
> 4000000000000010
Enter your PIN:
> 2236
You have successfully logged in!
1. Balance
2. Add income
3. Do transfer
4. Close account
5. Log out
0. Exit

> 2
Enter income: 
> 10000
Income added!
1. Balance
2. Add income
3. Do transfer
4. Close account
5. Log out
0. Exit

> 0
Bye!
1. Create an account
2. Log into account
0. Exit

> 2
Enter your card number:
> 4000000000000010
Enter your PIN:
> 2236
You have successfully logged in!
1. Balance
2. Add income
3. Do transfer
4. Close account
5. Log out
0. Exit

> 2
Enter income: 
> 15000
Income added!
1. Balance
2. Add income
3. Do transfer
4. Close account
5. Log out
0. Exit

> 0
Bye!
?[1;31m
Start test 11?[0m
1. Create an account
2. Log into account
0. Exit

> 1
Your card has been created
Your card number:
4000000000000010
Your card PIN:
0719
1. Create an account
2. Log into account
0. Exit

> 1
Your card has been created
Your card number:
4000000000000036
Your card PIN:
0288
1. Create an account
2. Log into account
0. Exit

> 2
Enter your card number:
> 4000000000000036
Enter your PIN:
> 0288
You have successfully logged in!
1. Balance
2. Add income
3. Do transfer
4. Close account
5. Log out
0. Exit

> 3
Transfer
Enter card number:
> 2000007269641764
Probably you made a mistake in the card number. Please try again!
1. Balance
2. Add income
3. Do transfer
4. Close account
5. Log out
0. Exit

> 3
Transfer
Enter card number:
> 2000007269641768
Such a card does not exist.
1. Balance
2. Add income
3. Do transfer
4. Close account
5. Log out
0. Exit

> 3
Transfer
Enter card number:
> 4000000000000010
Enter how much money you want to transfer:
> 100000
Not enough money!
1. Balance
2. Add income
3. Do transfer
4. Close account
5. Log out
0. Exit

> 2
Enter income: 
> 20000
Income added!
1. Balance
2. Add income
3. Do transfer
4. Close account
5. Log out
0. Exit

> 3
Transfer
Enter card number:
> 4000000000000010
Enter how much money you want to transfer:
> 10000
Success!
1. Balance
2. Add income
3. Do transfer
4. Close account
5. Log out
0. Exit

> 0
Bye!
?[1;31m
Start test 12?[0m
1. Create an account
2. Log into account
0. Exit

> 1
Your card has been created
Your card number:
4000000000000010
Your card PIN:
9003
1. Create an account
2. Log into account
0. Exit

> 2
Enter your card number:
> 4000000000000010
Enter your PIN:
> 9003
You have successfully logged in!
1. Balance
2. Add income
3. Do transfer
4. Close account
5. Log out
0. Exit

> 4
The account has been closed!
1. Create an account
2. Log into account
0. Exit

> 0
Bye!
]]></system-out>
  <system-err><![CDATA[]]></system-err>
</testsuite>
